[debug] [2024-03-10T17:31:53.109Z] ----------------------------------------------------------------------
[debug] [2024-03-10T17:31:53.112Z] Command:       C:\Program Files\nodejs\node.exe C:\Users\AllA_Klsk\AppData\Roaming\npm\node_modules\firebase-tools\lib\bin\firebase.js init
[debug] [2024-03-10T17:31:53.113Z] CLI Version:   12.4.8
[debug] [2024-03-10T17:31:53.113Z] Platform:      win32
[debug] [2024-03-10T17:31:53.114Z] Node Version:  v16.15.1
[debug] [2024-03-10T17:31:53.115Z] Time:          Sun Mar 10 2024 20:31:53 GMT+0300 (Москва, стандартное время)
[debug] [2024-03-10T17:31:53.116Z] ----------------------------------------------------------------------
[debug] 
[debug] [2024-03-10T17:31:53.228Z] > command requires scopes: ["email","openid","https://www.googleapis.com/auth/cloudplatformprojects.readonly","https://www.googleapis.com/auth/firebase","https://www.googleapis.com/auth/cloud-platform"]
[debug] [2024-03-10T17:31:53.228Z] > authorizing via signed-in user (polyglotdreamaboutit@gmail.com)
[info] 
     ######## #### ########  ######## ########     ###     ######  ########
     ##        ##  ##     ## ##       ##     ##  ##   ##  ##       ##
     ######    ##  ########  ######   ########  #########  ######  ######
     ##        ##  ##    ##  ##       ##     ## ##     ##       ## ##
     ##       #### ##     ## ######## ########  ##     ##  ######  ########

You're about to initialize a Firebase project in this directory:

  C:\vsc-projects\group\zen-react

Before we get started, keep in mind:

  * You are currently outside your home directory
  * You are initializing within an existing Firebase project directory

[info] 
=== Project Setup
[info] 
[info] First, let's associate this project directory with a Firebase project.
[info] You can create multiple project aliases by running firebase use --add, 
[info] but for now we'll just set up a default project.
[info] 
[debug] [2024-03-10T17:32:08.239Z] Using project from CLI flag: zenproject-ce905
[debug] [2024-03-10T17:32:08.244Z] >>> [apiv2][query] GET https://firebase.googleapis.com/v1beta1/projects/zenproject-ce905 [none]
[debug] [2024-03-10T17:32:08.594Z] <<< [apiv2][status] GET https://firebase.googleapis.com/v1beta1/projects/zenproject-ce905 200
[debug] [2024-03-10T17:32:08.594Z] <<< [apiv2][body] GET https://firebase.googleapis.com/v1beta1/projects/zenproject-ce905 {"projectId":"zenproject-ce905","projectNumber":"618417601112","displayName":"ZENApp","name":"projects/zenproject-ce905","resources":{"hostingSite":"zenproject-ce905","realtimeDatabaseInstance":"zenproject-ce905-default-rtdb","storageBucket":"zenproject-ce905.appspot.com","locationId":"us-central"},"state":"ACTIVE","etag":"1_ddcc2be1-96d5-4eb2-9f32-eeb49d38a3b6"}
[info] i  Using project zenproject-ce905 (ZENApp) 
[info] 
=== Hosting Setup
[info] 
[info] Your public directory is the folder (relative to your project directory) that
[info] will contain Hosting assets to be uploaded with firebase deploy. If you
[info] have a build process for your assets, use your build's output directory.
[info] 
